CRITICAL - 2021-09-09 11:11:05 --> Undefined property: App\Controllers\Home::$client
#0 /home/apujo/Documents/__code/dmk/app/Controllers/Home.php(10): CodeIgniter\Debug\Exceptions->errorHandler()
#1 /home/apujo/Documents/__code/dmk/system/CodeIgniter.php(802): App\Controllers\Home->index()
#2 /home/apujo/Documents/__code/dmk/system/CodeIgniter.php(399): CodeIgniter\CodeIgniter->runController()
#3 /home/apujo/Documents/__code/dmk/system/CodeIgniter.php(317): CodeIgniter\CodeIgniter->handleRequest()
#4 /home/apujo/Documents/__code/dmk/public/index.php(37): CodeIgniter\CodeIgniter->run()
#5 /home/apujo/Documents/__code/dmk/system/Commands/Server/rewrite.php(43): require_once('...')
#6 {main}
CRITICAL - 2021-09-09 11:11:24 --> Undefined property: App\Controllers\Home::$client
#0 /home/apujo/Documents/__code/dmk/app/Controllers/Home.php(10): CodeIgniter\Debug\Exceptions->errorHandler()
#1 /home/apujo/Documents/__code/dmk/system/CodeIgniter.php(802): App\Controllers\Home->index()
#2 /home/apujo/Documents/__code/dmk/system/CodeIgniter.php(399): CodeIgniter\CodeIgniter->runController()
#3 /home/apujo/Documents/__code/dmk/system/CodeIgniter.php(317): CodeIgniter\CodeIgniter->handleRequest()
#4 /home/apujo/Documents/__code/dmk/public/index.php(37): CodeIgniter\CodeIgniter->run()
#5 /home/apujo/Documents/__code/dmk/system/Commands/Server/rewrite.php(43): require_once('...')
#6 {main}
CRITICAL - 2021-09-09 11:14:44 --> Invalid token format
#0 /home/apujo/Documents/__code/dmk/app/Controllers/Home.php(17): Google\Client->setAccessToken()
#1 /home/apujo/Documents/__code/dmk/system/CodeIgniter.php(802): App\Controllers\Home->upload()
#2 /home/apujo/Documents/__code/dmk/system/CodeIgniter.php(399): CodeIgniter\CodeIgniter->runController()
#3 /home/apujo/Documents/__code/dmk/system/CodeIgniter.php(317): CodeIgniter\CodeIgniter->handleRequest()
#4 /home/apujo/Documents/__code/dmk/public/index.php(37): CodeIgniter\CodeIgniter->run()
#5 /home/apujo/Documents/__code/dmk/system/Commands/Server/rewrite.php(43): require_once('...')
#6 {main}
CRITICAL - 2021-09-09 11:16:40 --> Undefined property: App\Controllers\Home::$service
#0 /home/apujo/Documents/__code/dmk/app/Controllers/Home.php(26): CodeIgniter\Debug\Exceptions->errorHandler()
#1 /home/apujo/Documents/__code/dmk/system/CodeIgniter.php(802): App\Controllers\Home->upload()
#2 /home/apujo/Documents/__code/dmk/system/CodeIgniter.php(399): CodeIgniter\CodeIgniter->runController()
#3 /home/apujo/Documents/__code/dmk/system/CodeIgniter.php(317): CodeIgniter\CodeIgniter->handleRequest()
#4 /home/apujo/Documents/__code/dmk/public/index.php(37): CodeIgniter\CodeIgniter->run()
#5 /home/apujo/Documents/__code/dmk/system/Commands/Server/rewrite.php(43): require_once('...')
#6 {main}
CRITICAL - 2021-09-09 11:45:56 --> file_get_contents(): Argument #1 ($filename) must be of type string, array given
#0 /home/apujo/Documents/__code/dmk/app/Controllers/Home.php(31): file_get_contents()
#1 /home/apujo/Documents/__code/dmk/system/CodeIgniter.php(802): App\Controllers\Home->upload()
#2 /home/apujo/Documents/__code/dmk/system/CodeIgniter.php(399): CodeIgniter\CodeIgniter->runController()
#3 /home/apujo/Documents/__code/dmk/system/CodeIgniter.php(317): CodeIgniter\CodeIgniter->handleRequest()
#4 /home/apujo/Documents/__code/dmk/public/index.php(37): CodeIgniter\CodeIgniter->run()
#5 /home/apujo/Documents/__code/dmk/system/Commands/Server/rewrite.php(43): require_once('...')
#6 {main}
